Copyright 1986-2022 Xilinx, Inc. All Rights Reserved. Copyright 2022-2023 Advanced Micro Devices, Inc. All Rights Reserved.
---------------------------------------------------------------------------------------------------------------------------------------------
| Tool Version : Vivado v.2023.2 (win64) Build 4029153 Fri Oct 13 20:14:34 MDT 2023
| Date         : Sun Apr 21 18:08:09 2024
| Host         : DESKTOP-5CTLBIO running 64-bit major release  (build 9200)
| Command      : report_control_sets -verbose -file top_control_sets_placed.rpt
| Design       : top
| Device       : xc7a35t
---------------------------------------------------------------------------------------------------------------------------------------------

Control Set Information

Table of Contents
-----------------
1. Summary
2. Histogram
3. Flip-Flop Distribution
4. Detailed Control Set Information

1. Summary
----------

+----------------------------------------------------------+-------+
|                          Status                          | Count |
+----------------------------------------------------------+-------+
| Total control sets                                       |    29 |
|    Minimum number of control sets                        |    29 |
|    Addition due to synthesis replication                 |     0 |
|    Addition due to physical synthesis replication        |     0 |
| Unused register locations in slices containing registers |    84 |
+----------------------------------------------------------+-------+
* Control sets can be merged at opt_design using control_set_merge or merge_equivalent_drivers
** Run report_qor_suggestions for automated merging and remapping suggestions


2. Histogram
------------

+--------------------+-------+
|       Fanout       | Count |
+--------------------+-------+
| Total control sets |    29 |
| >= 0 to < 4        |     1 |
| >= 4 to < 6        |     6 |
| >= 6 to < 8        |     0 |
| >= 8 to < 10       |     6 |
| >= 10 to < 12      |     3 |
| >= 12 to < 14      |     3 |
| >= 14 to < 16      |     1 |
| >= 16              |     9 |
+--------------------+-------+
* Control sets can be remapped at either synth_design or opt_design


3. Flip-Flop Distribution
-------------------------

+--------------+-----------------------+------------------------+-----------------+--------------+
| Clock Enable | Synchronous Set/Reset | Asynchronous Set/Reset | Total Registers | Total Slices |
+--------------+-----------------------+------------------------+-----------------+--------------+
| No           | No                    | No                     |             136 |           46 |
| No           | No                    | Yes                    |              27 |           12 |
| No           | Yes                   | No                     |              35 |           14 |
| Yes          | No                    | No                     |              70 |           19 |
| Yes          | No                    | Yes                    |               0 |            0 |
| Yes          | Yes                   | No                     |             256 |           72 |
+--------------+-----------------------+------------------------+-----------------+--------------+


4. Detailed Control Set Information
-----------------------------------

+-------------------------------------------+-------------------------------------+---------------------------------+------------------+----------------+--------------+
|                Clock Signal               |            Enable Signal            |         Set/Reset Signal        | Slice Load Count | Bel Load Count | Bels / Slice |
+-------------------------------------------+-------------------------------------+---------------------------------+------------------+----------------+--------------+
|  dataConsume1/ctrlOut_reg_reg_i_2_n_0     |                                     |                                 |                1 |              1 |         1.00 |
|  clk_wiz/inst/clk_out                     | cmdProc1/numWords_bcd[0][3]_i_1_n_0 | reset_IBUF                      |                1 |              4 |         4.00 |
|  clk_wiz/inst/clk_out                     | cmdProc1/numWords_bcd[1][3]_i_1_n_0 | reset_IBUF                      |                1 |              4 |         4.00 |
|  clk_wiz/inst/clk_out                     | cmdProc1/numWords_bcd[2][3]_i_1_n_0 | reset_IBUF                      |                1 |              4 |         4.00 |
|  clk_wiz/inst/clk_out                     | cmdProc1/counterL7                  | cmdProc1/counterP60             |                1 |              4 |         4.00 |
|  clk_wiz/inst/clk_out                     | rx/baudClkX8Count[3]_i_1_n_0        | rx/bitTmr[10]_i_1_n_0           |                1 |              4 |         4.00 |
|  clk_wiz/inst/clk_out                     | rx/rcvShiftReg[9]_i_1_n_0           | rx/bitCount[3]_i_1_n_0          |                1 |              4 |         4.00 |
|  clk_wiz/inst/clk_out                     | dataConsume1/cur_state_reg[1]_0[0]  | reset_IBUF                      |                2 |              8 |         4.00 |
|  clk_wiz/inst/clk_out                     | rx/sig_rxNow                        | reset_IBUF                      |                2 |              8 |         4.00 |
|  clk_wiz/inst/clk_out                     | cmdProc1/E[0]                       |                                 |                5 |              8 |         1.60 |
|  clk_wiz/inst/clk_out                     | cmdProc1/counterL7_reg[3]           | reset_IBUF                      |                4 |              8 |         2.00 |
|  clk_wiz/inst/clk_out                     | rx/rcvDataReg[7]_i_1_n_0            | reset_IBUF                      |                1 |              8 |         8.00 |
|  clk_wiz/inst/clk_out                     | rx/rcvShiftReg[9]_i_1_n_0           | reset_IBUF                      |                2 |              9 |         4.50 |
|  clk_wiz/inst/clk_out                     | dataConsume1/counter[9]_i_2_n_0     | dataConsume1/counter[9]_i_1_n_0 |                4 |             10 |         2.50 |
|  dataConsume1/maxIndex_int_reg[9]_i_2_n_0 |                                     |                                 |                3 |             10 |         3.33 |
|  clk_wiz/inst/clk_out                     | rx/bitTmr[10]_i_2_n_0               | rx/bitTmr[10]_i_1_n_0           |                4 |             11 |         2.75 |
|  clk_wiz/inst/clk_out                     |                                     |                                 |                7 |             13 |         1.86 |
|  clk_wiz/inst/clk_out                     | cmdProc1/outByteBuffer0             | reset_IBUF                      |                3 |             13 |         4.33 |
|  clk_wiz/inst/clk_out                     | cmdProc1/outPPrinting[27]_i_1_n_0   | reset_IBUF                      |                3 |             13 |         4.33 |
|  clk_wiz/inst/clk_out                     |                                     | tx/bitTmr                       |                4 |             14 |         3.50 |
|  clk_wiz/inst/clk_out                     | dataGen1/ctrlIn_detected            | reset_IBUF                      |                5 |             19 |         3.80 |
|  dataConsume1/reg4__0                     |                                     |                                 |                8 |             24 |         3.00 |
|  clk_wiz/inst/clk_out                     | cmdProc1/outMaxIndexBuffer          | reset_IBUF                      |                6 |             25 |         4.17 |
|  clk_wiz/inst/clk_out                     | tx/txBit_i_2_n_0                    | tx/sig_txDone                   |                9 |             32 |         3.56 |
|  reg0__0                                  |                                     |                                 |               10 |             32 |         3.20 |
|  clk_wiz/inst/clk_out                     |                                     | reset_IBUF                      |               22 |             48 |         2.18 |
|  dataResults_reg[6]_0                     |                                     |                                 |               17 |             56 |         3.29 |
|  clk_wiz/inst/clk_out                     | dataConsume1/ctrlOut_i_1_n_0        |                                 |               14 |             62 |         4.43 |
|  clk_wiz/inst/clk_out                     | dataConsume1/cur_state_reg[3]_0[0]  | reset_IBUF                      |               21 |             68 |         3.24 |
+-------------------------------------------+-------------------------------------+---------------------------------+------------------+----------------+--------------+


