Vivado Simulator v2023.2
Copyright 1986-2022 Xilinx, Inc. All Rights Reserved.
Copyright 2022-2023 Advanced Micro Devices, Inc. All Rights Reserved.
Running: C:/Xilinx/Vivado/2023.2/bin/unwrapped/win64.o/xelab.exe --incr --debug typical --relax --mt 2 -L xil_defaultlib -L secureip --snapshot tb_cmdProc_interim_behav xil_defaultlib.tb_cmdProc_interim -log elaborate.log 
Using 2 slave threads.
Starting static elaboration
<<<<<<< HEAD
WARNING: [VRFC 10-1378] slice direction differs from its index type range [C:/Users/talli/OneDrive/Documents/EEE_Year_2/Digital Design/Assignment2/Assignment2_Git/CommandProcessor/cmdProc.vhd:124]
=======
WARNING: [VRFC 10-1378] slice direction differs from its index type range [C:/Users/astee/OneDrive - University of Bristol/University work/Digital Design/Assignment2_Git/CommandProcessor/cmdProc.vhd:138]
>>>>>>> 9a96bf9107f583be666d3047a411be3dee62d96b
Completed static elaboration
Starting simulation data flow analysis
Completed simulation data flow analysis
Time Resolution for simulation is 1ps
Compiling package std.standard
Compiling package std.textio
Compiling package ieee.std_logic_1164
Compiling package ieee.numeric_std
Compiling package xil_defaultlib.common_pack
Compiling package unisim.vcomponents
Compiling package ieee.vital_timing
Compiling package ieee.vital_primitives
Compiling package unisim.vpkg
Compiling package ieee.std_logic_arith
Compiling package ieee.std_logic_unsigned
Compiling architecture behav of entity xil_defaultlib.dataGen [datagen_default]
Compiling architecture behavioural of entity xil_defaultlib.dataConsume_synthesised [dataconsume_synthesised_default]
Compiling architecture behavioral of entity xil_defaultlib.dataConsume [dataconsume_default]
Compiling architecture behavioural of entity xil_defaultlib.cmdProc [cmdproc_default]
Compiling architecture behavioral of entity xil_defaultlib.UART_TX_CTRL [uart_tx_ctrl_default]
Compiling architecture rcvr of entity xil_defaultlib.UART_RX_CTRL [uart_rx_ctrl_default]
Compiling architecture testbench of entity xil_defaultlib.tb_cmdproc_interim
Built simulation snapshot tb_cmdProc_interim_behav
