Copyright 1986-2022 Xilinx, Inc. All Rights Reserved. Copyright 2022-2023 Advanced Micro Devices, Inc. All Rights Reserved.
---------------------------------------------------------------------------------------------------------------------------------------------
| Tool Version : Vivado v.2023.2 (win64) Build 4029153 Fri Oct 13 20:14:34 MDT 2023
| Date         : Sun Apr 21 18:20:13 2024
| Host         : DESKTOP-5CTLBIO running 64-bit major release  (build 9200)
| Command      : report_control_sets -verbose -file top_control_sets_placed.rpt
| Design       : top
| Device       : xc7a35t
---------------------------------------------------------------------------------------------------------------------------------------------

Control Set Information

Table of Contents
-----------------
1. Summary
2. Histogram
3. Flip-Flop Distribution
4. Detailed Control Set Information

1. Summary
----------

+----------------------------------------------------------+-------+
|                          Status                          | Count |
+----------------------------------------------------------+-------+
| Total control sets                                       |    22 |
|    Minimum number of control sets                        |    22 |
|    Addition due to synthesis replication                 |     0 |
|    Addition due to physical synthesis replication        |     0 |
| Unused register locations in slices containing registers |    63 |
+----------------------------------------------------------+-------+
* Control sets can be merged at opt_design using control_set_merge or merge_equivalent_drivers
** Run report_qor_suggestions for automated merging and remapping suggestions


2. Histogram
------------

+--------------------+-------+
|       Fanout       | Count |
+--------------------+-------+
| Total control sets |    22 |
| >= 0 to < 4        |     1 |
| >= 4 to < 6        |     3 |
| >= 6 to < 8        |     0 |
| >= 8 to < 10       |     4 |
| >= 10 to < 12      |     3 |
| >= 12 to < 14      |     1 |
| >= 14 to < 16      |     1 |
| >= 16              |     9 |
+--------------------+-------+
* Control sets can be remapped at either synth_design or opt_design


3. Flip-Flop Distribution
-------------------------

+--------------+-----------------------+------------------------+-----------------+--------------+
| Clock Enable | Synchronous Set/Reset | Asynchronous Set/Reset | Total Registers | Total Slices |
+--------------+-----------------------+------------------------+-----------------+--------------+
| No           | No                    | No                     |             131 |           51 |
| No           | No                    | Yes                    |               4 |            3 |
| No           | Yes                   | No                     |              40 |           20 |
| Yes          | No                    | No                     |              70 |           24 |
| Yes          | No                    | Yes                    |               0 |            0 |
| Yes          | Yes                   | No                     |             212 |           60 |
+--------------+-----------------------+------------------------+-----------------+--------------+


4. Detailed Control Set Information
-----------------------------------

+-------------------------------------------+-----------------------------------------+---------------------------------+------------------+----------------+--------------+
|                Clock Signal               |              Enable Signal              |         Set/Reset Signal        | Slice Load Count | Bel Load Count | Bels / Slice |
+-------------------------------------------+-----------------------------------------+---------------------------------+------------------+----------------+--------------+
|  dataConsume1/ctrlOut_reg_reg_i_2_n_0     |                                         |                                 |                1 |              1 |         1.00 |
|  clk_wiz/inst/clk_out                     | rx/baudClkX8Count[3]_i_1_n_0            | rx/bitTmr[10]_i_1_n_0           |                1 |              4 |         4.00 |
|  clk_wiz/inst/clk_out                     | rx/rcvShiftReg                          | rx/bitCount[3]_i_1_n_0          |                1 |              4 |         4.00 |
|  clk_wiz/inst/clk_out                     | cmdProc1/ctrlByteCount                  | reset_IBUF                      |                2 |              4 |         2.00 |
|  clk_wiz/inst/clk_out                     |                                         |                                 |                5 |              8 |         1.60 |
|  clk_wiz/inst/clk_out                     | rx/rcvDataReg[7]_i_1_n_0                | reset_IBUF                      |                1 |              8 |         8.00 |
|  clk_wiz/inst/clk_out                     | cmdProc1/txnow                          |                                 |                5 |              8 |         1.60 |
|  clk_wiz/inst/clk_out                     | rx/rcvShiftReg                          | reset_IBUF                      |                2 |              9 |         4.50 |
|  dataConsume1/maxIndex_int_reg[9]_i_2_n_0 |                                         |                                 |                5 |             10 |         2.00 |
|  clk_wiz/inst/clk_out                     | dataConsume1/counter0                   | dataConsume1/counter[9]_i_1_n_0 |                4 |             10 |         2.50 |
|  clk_wiz/inst/clk_out                     | rx/bitTmr[10]_i_2_n_0                   | rx/bitTmr[10]_i_1_n_0           |                4 |             11 |         2.75 |
|  clk_wiz/inst/clk_out                     | cmdProc1/reg_numWords_bcd[2][3]_i_1_n_0 | reset_IBUF                      |                5 |             12 |         2.40 |
|  clk_wiz/inst/clk_out                     |                                         | tx/bitTmr                       |                4 |             14 |         3.50 |
|  clk_wiz/inst/clk_out                     | dataGen1/ctrlIn_detected                | reset_IBUF                      |                7 |             19 |         2.71 |
|  dataConsume1/reg4__0                     |                                         |                                 |                8 |             24 |         3.00 |
|  clk_wiz/inst/clk_out                     |                                         | reset_IBUF                      |               19 |             30 |         1.58 |
|  clk_wiz/inst/clk_out                     | cmdProc1/rxdone                         | cmdProc1/byteNum_reg[0]0        |                7 |             31 |         4.43 |
|  reg0__0                                  |                                         |                                 |               11 |             32 |         2.91 |
|  clk_wiz/inst/clk_out                     | tx/bitIndex                             | tx/txdone                       |                9 |             32 |         3.56 |
|  dataResults_reg[6]_0                     |                                         |                                 |               21 |             56 |         2.67 |
|  clk_wiz/inst/clk_out                     | dataConsume1/ctrlOut_i_1_n_0            |                                 |               19 |             62 |         3.26 |
|  clk_wiz/inst/clk_out                     | dataConsume1/seqDone                    | reset_IBUF                      |               17 |             68 |         4.00 |
+-------------------------------------------+-----------------------------------------+---------------------------------+------------------+----------------+--------------+


