
*** Running vivado
    with args -log top.vds -m64 -product Vivado -mode batch -messageDb vivado.pb -notrace -source top.tcl


ECHO is off.
ECHO is off.

****** Vivado v2023.2 (64-bit)
  **** SW Build 4029153 on Fri Oct 13 20:14:34 MDT 2023
  **** IP Build 4028589 on Sat Oct 14 00:45:43 MDT 2023
  **** SharedData Build 4025554 on Tue Oct 10 17:18:54 MDT 2023
    ** Copyright 1986-2022 Xilinx, Inc. All Rights Reserved.
    ** Copyright 2022-2023 Advanced Micro Devices, Inc. All Rights Reserved.

source top.tcl -notrace
Command: synth_design -top top -part xc7a35tcpg236-1
Starting synth_design
Attempting to get a license for feature 'Synthesis' and/or device 'xc7a35t'
INFO: [Common 17-349] Got license for feature 'Synthesis' and/or device 'xc7a35t'
INFO: [Device 21-403] Loading part xc7a35tcpg236-1
INFO: [Synth 8-7079] Multithreading enabled for synth_design using a maximum of 2 processes.
INFO: [Synth 8-7078] Launching helper process for spawning children vivado processes
INFO: [Synth 8-7075] Helper process launched with PID 21820
---------------------------------------------------------------------------------
Starting RTL Elaboration : Time (s): cpu = 00:00:11 ; elapsed = 00:00:13 . Memory (MB): peak = 1329.148 ; gain = 439.023
---------------------------------------------------------------------------------
INFO: [Synth 8-638] synthesizing module 'top' [C:/Users/astee/OneDrive - University of Bristol/University work/Digital Design/Assignment2_Git/Assignment 2/peak_detector/top.vhd:15]
INFO: [Synth 8-3491] module 'clk_wiz_0' declared at 'C:/Users/astee/OneDrive - University of Bristol/University work/Digital Design/Assignment2_Git/CommandProcessorSynthesis/CommandProcessorSynthesis.runs/synth_1/.Xil/Vivado-27368-DESKTOP-5CTLBIO/realtime/clk_wiz_0_stub.v:6' bound to instance 'clk_wiz' of component 'clk_wiz_0' [C:/Users/astee/OneDrive - University of Bristol/University work/Digital Design/Assignment2_Git/Assignment 2/peak_detector/top.vhd:108]
INFO: [Synth 8-6157] synthesizing module 'clk_wiz_0' [C:/Users/astee/OneDrive - University of Bristol/University work/Digital Design/Assignment2_Git/CommandProcessorSynthesis/CommandProcessorSynthesis.runs/synth_1/.Xil/Vivado-27368-DESKTOP-5CTLBIO/realtime/clk_wiz_0_stub.v:6]
INFO: [Synth 8-6155] done synthesizing module 'clk_wiz_0' (0#1) [C:/Users/astee/OneDrive - University of Bristol/University work/Digital Design/Assignment2_Git/CommandProcessorSynthesis/CommandProcessorSynthesis.runs/synth_1/.Xil/Vivado-27368-DESKTOP-5CTLBIO/realtime/clk_wiz_0_stub.v:6]
INFO: [Synth 8-3491] module 'dataGen' declared at 'C:/Users/astee/OneDrive - University of Bristol/University work/Digital Design/Assignment2_Git/Assignment 2/peak_detector/dataGen.vhd:5' bound to instance 'dataGen1' of component 'dataGen' [C:/Users/astee/OneDrive - University of Bristol/University work/Digital Design/Assignment2_Git/Assignment 2/peak_detector/top.vhd:115]
INFO: [Synth 8-638] synthesizing module 'dataGen' [C:/Users/astee/OneDrive - University of Bristol/University work/Digital Design/Assignment2_Git/Assignment 2/peak_detector/dataGen.vhd:15]
INFO: [Synth 8-256] done synthesizing module 'dataGen' (0#1) [C:/Users/astee/OneDrive - University of Bristol/University work/Digital Design/Assignment2_Git/Assignment 2/peak_detector/dataGen.vhd:15]
INFO: [Synth 8-637] synthesizing blackbox instance 'dataConsume1' of component 'dataConsume' [C:/Users/astee/OneDrive - University of Bristol/University work/Digital Design/Assignment2_Git/Assignment 2/peak_detector/top.vhd:124]
INFO: [Synth 8-3491] module 'cmdProc' declared at 'C:/Users/astee/OneDrive - University of Bristol/University work/Digital Design/Assignment2_Git/CommandProcessor/cmdProc.vhd:7' bound to instance 'cmdProc1' of component 'cmdProc' [C:/Users/astee/OneDrive - University of Bristol/University work/Digital Design/Assignment2_Git/Assignment 2/peak_detector/top.vhd:140]
INFO: [Synth 8-638] synthesizing module 'cmdProc' [C:/Users/astee/OneDrive - University of Bristol/University work/Digital Design/Assignment2_Git/CommandProcessor/cmdProc.vhd:29]
INFO: [Synth 8-226] default block is never used [C:/Users/astee/OneDrive - University of Bristol/University work/Digital Design/Assignment2_Git/CommandProcessor/cmdProc.vhd:342]
INFO: [Synth 8-226] default block is never used [C:/Users/astee/OneDrive - University of Bristol/University work/Digital Design/Assignment2_Git/CommandProcessor/cmdProc.vhd:362]
INFO: [Synth 8-226] default block is never used [C:/Users/astee/OneDrive - University of Bristol/University work/Digital Design/Assignment2_Git/CommandProcessor/cmdProc.vhd:382]
INFO: [Synth 8-226] default block is never used [C:/Users/astee/OneDrive - University of Bristol/University work/Digital Design/Assignment2_Git/CommandProcessor/cmdProc.vhd:401]
INFO: [Synth 8-226] default block is never used [C:/Users/astee/OneDrive - University of Bristol/University work/Digital Design/Assignment2_Git/CommandProcessor/cmdProc.vhd:421]
INFO: [Synth 8-226] default block is never used [C:/Users/astee/OneDrive - University of Bristol/University work/Digital Design/Assignment2_Git/CommandProcessor/cmdProc.vhd:440]
INFO: [Synth 8-256] done synthesizing module 'cmdProc' (0#1) [C:/Users/astee/OneDrive - University of Bristol/University work/Digital Design/Assignment2_Git/CommandProcessor/cmdProc.vhd:29]
INFO: [Synth 8-3491] module 'UART_TX_CTRL' declared at 'C:/Users/astee/OneDrive - University of Bristol/University work/Digital Design/Assignment2_Git/Assignment 2/peak_detector/UART_TX_CTRL.vhd:42' bound to instance 'tx' of component 'UART_TX_CTRL' [C:/Users/astee/OneDrive - University of Bristol/University work/Digital Design/Assignment2_Git/Assignment 2/peak_detector/top.vhd:161]
INFO: [Synth 8-638] synthesizing module 'UART_TX_CTRL' [C:/Users/astee/OneDrive - University of Bristol/University work/Digital Design/Assignment2_Git/Assignment 2/peak_detector/UART_TX_CTRL.vhd:50]
INFO: [Synth 8-256] done synthesizing module 'UART_TX_CTRL' (0#1) [C:/Users/astee/OneDrive - University of Bristol/University work/Digital Design/Assignment2_Git/Assignment 2/peak_detector/UART_TX_CTRL.vhd:50]
INFO: [Synth 8-3491] module 'UART_RX_CTRL' declared at 'C:/Users/astee/OneDrive - University of Bristol/University work/Digital Design/Assignment2_Git/Assignment 2/peak_detector/UART_RX_CTRL.vhd:70' bound to instance 'rx' of component 'UART_RX_CTRL' [C:/Users/astee/OneDrive - University of Bristol/University work/Digital Design/Assignment2_Git/Assignment 2/peak_detector/top.vhd:170]
INFO: [Synth 8-638] synthesizing module 'UART_RX_CTRL' [C:/Users/astee/OneDrive - University of Bristol/University work/Digital Design/Assignment2_Git/Assignment 2/peak_detector/UART_RX_CTRL.vhd:84]
INFO: [Synth 8-256] done synthesizing module 'UART_RX_CTRL' (0#1) [C:/Users/astee/OneDrive - University of Bristol/University work/Digital Design/Assignment2_Git/Assignment 2/peak_detector/UART_RX_CTRL.vhd:84]
INFO: [Synth 8-256] done synthesizing module 'top' (0#1) [C:/Users/astee/OneDrive - University of Bristol/University work/Digital Design/Assignment2_Git/Assignment 2/peak_detector/top.vhd:15]
WARNING: [Synth 8-7129] Port ovErr in module cmdProc is either unconnected or has no load
WARNING: [Synth 8-7129] Port framErr in module cmdProc is either unconnected or has no load
---------------------------------------------------------------------------------
Finished RTL Elaboration : Time (s): cpu = 00:00:14 ; elapsed = 00:00:19 . Memory (MB): peak = 1444.441 ; gain = 554.316
---------------------------------------------------------------------------------
---------------------------------------------------------------------------------
Start Handling Custom Attributes
---------------------------------------------------------------------------------
---------------------------------------------------------------------------------
Finished Handling Custom Attributes : Time (s): cpu = 00:00:14 ; elapsed = 00:00:19 . Memory (MB): peak = 1444.441 ; gain = 554.316
---------------------------------------------------------------------------------
---------------------------------------------------------------------------------
Finished RTL Optimization Phase 1 : Time (s): cpu = 00:00:14 ; elapsed = 00:00:19 . Memory (MB): peak = 1444.441 ; gain = 554.316
---------------------------------------------------------------------------------
